[2017-01-16 14:30:00.587] [DEBUG] cheese - [35mMONGO[39m parkingorders.[34mfind[39m {"conditions":{"state":"1","reserve_at":{"$gt":"2017-01-16T03:30:00.000Z","$lt":"2017-01-16T06:30:00.000Z"}},"options":{},"collectionName":"parkingorders"} [32m6ms[39m
[2017-01-16 14:33:11.954] [INFO] cheese - repair listening on port 3000
[2017-01-16 14:33:11.957] [INFO] cheese - God bless love....
[2017-01-16 14:33:11.957] [INFO] cheese - You can debug your app with http://webot-bz.ittun.com:3000
[2017-01-16 14:33:11.958] [INFO] cheese - 
[2017-01-16 14:33:16.843] [INFO] cheese - 

Started 2017-01-16T06:33:16.843Z POST /?signature=ae3215367081edfa4a6a9f86c0b93fca3e563566&timestamp=1484548271&nonce=2059773235&openid=oJme-szsGYjRcIMIFxvvt5XAI8qo 140.207.54.73
[2017-01-16 14:33:16.926] [INFO] cheese - Completed 200 [32m(83ms)[39m
[2017-01-16 14:33:16.928] [DEBUG] cheese - [35mMONGO[39m users.[34mremove[39m {"conditions":{"open_id":"oJme-szsGYjRcIMIFxvvt5XAI8qo"},"options":{},"collectionName":"users"} [32m71ms[39m
[2017-01-16 14:33:16.929] [DEBUG] cheese - [35mMONGO[39m users.[34mfindOne[39m {"conditions":{"open_id":"oJme-szsGYjRcIMIFxvvt5XAI8qo"},"options":{},"collectionName":"users"} [32m7ms[39m
[2017-01-16 14:33:49.401] [INFO] cheese - 

Started 2017-01-16T06:33:49.401Z POST /?signature=463723c9c11443311d112ab37ba65ba03fe7d832&timestamp=1484548304&nonce=820803331&openid=oJme-szsGYjRcIMIFxvvt5XAI8qo 140.207.54.73
[2017-01-16 14:33:49.410] [INFO] cheese - Completed 200 [32m(9ms)[39m
[2017-01-16 14:35:00.679] [INFO] cheese - repair listening on port 3000
[2017-01-16 14:35:00.681] [INFO] cheese - God bless love....
[2017-01-16 14:35:00.681] [INFO] cheese - You can debug your app with http://webot-bz.ittun.com:3000
[2017-01-16 14:35:00.682] [INFO] cheese - 
[2017-01-16 14:35:08.730] [INFO] cheese - 

Started 2017-01-16T06:35:08.729Z POST /?signature=155a2ef60bf9408172fd236b84b4418596f3bc55&timestamp=1484548383&nonce=1082566807&openid=oJme-szsGYjRcIMIFxvvt5XAI8qo 58.247.206.147
[2017-01-16 14:35:08.757] [INFO] cheese - Completed 200 [32m(28ms)[39m
[2017-01-16 14:35:08.760] [DEBUG] cheese - [35mMONGO[39m users.[34mremove[39m {"conditions":{"open_id":"oJme-szsGYjRcIMIFxvvt5XAI8qo"},"options":{},"collectionName":"users"} [32m16ms[39m
[2017-01-16 14:35:08.761] [DEBUG] cheese - [35mMONGO[39m users.[34mfindOne[39m {"conditions":{"open_id":"oJme-szsGYjRcIMIFxvvt5XAI8qo"},"options":{},"collectionName":"users"} [32m7ms[39m
[2017-01-16 14:35:16.642] [INFO] cheese - 

Started 2017-01-16T06:35:16.642Z POST /?signature=0594f564f188b6a1321716508c6f8bb4bc194bbe&timestamp=1484548392&nonce=1474161131&openid=oJme-szsGYjRcIMIFxvvt5XAI8qo 58.247.206.152
[2017-01-16 14:35:16.649] [INFO] cheese - Completed 200 [32m(7ms)[39m
[2017-01-16 14:35:16.650] [DEBUG] cheese - [35mMONGO[39m users.[34mfindOne[39m {"conditions":{"open_id":"oJme-szsGYjRcIMIFxvvt5XAI8qo"},"options":{},"collectionName":"users"} [32m3ms[39m
[2017-01-16 14:35:16.650] [DEBUG] cheese - [35mMONGO[39m users.[34mfindOne[39m {"conditions":{"open_id":"oJme-szsGYjRcIMIFxvvt5XAI8qo"},"options":{},"collectionName":"users"} [32m2ms[39m
[2017-01-16 14:35:50.238] [INFO] cheese - 

Started 2017-01-16T06:35:50.238Z POST /?signature=9f36c68841124c0c8d37e3a9251980c347053a66&timestamp=1484548425&nonce=678115896&openid=oJme-szsGYjRcIMIFxvvt5XAI8qo 58.247.206.152
[2017-01-16 14:35:50.244] [INFO] cheese - Completed 200 [32m(6ms)[39m
[2017-01-16 14:35:50.245] [DEBUG] cheese - [35mMONGO[39m users.[34mfindOne[39m {"conditions":{"open_id":"oJme-szsGYjRcIMIFxvvt5XAI8qo"},"options":{},"collectionName":"users"} [32m1ms[39m
[2017-01-16 14:37:52.738] [INFO] cheese - 

Started 2017-01-16T06:37:52.738Z POST /?signature=4cae73bb7ec8543a44bf04279a1b939023335d2b&timestamp=1484548547&nonce=102916295&openid=oJme-szsGYjRcIMIFxvvt5XAI8qo 58.247.206.147
[2017-01-16 14:37:52.742] [INFO] cheese - Completed 200 [32m(4ms)[39m
[2017-01-16 14:37:52.742] [DEBUG] cheese - [35mMONGO[39m users.[34mfindOne[39m {"conditions":{"open_id":"oJme-szsGYjRcIMIFxvvt5XAI8qo"},"options":{},"collectionName":"users"} [32m1ms[39m
[2017-01-16 14:37:52.758] [INFO] cheese - 

Started 2017-01-16T06:37:52.758Z GET / 61.49.57.60
[2017-01-16 14:37:52.762] [INFO] cheese - Completed 401 [32m(4ms)[39m
[2017-01-16 14:37:52.763] [INFO] cheese - 

Started 2017-01-16T06:37:52.763Z GET /park/create?code=001wPAJG0tq0Vi2v6rKG0uItJG0wPAJl&state=1 171.15.132.111
[2017-01-16 14:37:52.810] [INFO] cheese - 

Started 2017-01-16T06:37:52.810Z GET / 111.30.132.176
[2017-01-16 14:37:52.812] [INFO] cheese - Completed 401 [32m(2ms)[39m
[2017-01-16 14:37:52.981] [DEBUG] cheese - [35mMONGO[39m tokens.[34mupdate[39m {"conditions":{"openid":"oJme-szsGYjRcIMIFxvvt5XAI8qo"},"doc":{"$set":{"create_at":"1484548672977","scope":"snsapi_base","openid":"oJme-szsGYjRcIMIFxvvt5XAI8qo","refresh_token":"b-CxZm1fXn6-DjDhFaEyT_xmJ-mN17Os0DEseOiCNzrAiY-m6XyNvBZFr9QicJS3Y2uzK0pKBmKZgWO9Ihby_jLw0kQZ6Jg6AQI8NYjUxts","expires_in":7200,"access_token":"gd9SJXjZH4vVEqCRYPWNEEQBERTM78UvzBBDS4JklY5Z4qs4l4hb9KJtDKe46O7af7VxpPJuoCHuW8wPIfV6nvmAxoxp9VMm5pO985mTbSA"}},"options":{"upsert":true},"collectionName":"tokens"} [32m1ms[39m
[2017-01-16 14:37:52.982] [DEBUG] cheese - [35mMONGO[39m users.[34mfindOne[39m {"conditions":{"open_id":"oJme-szsGYjRcIMIFxvvt5XAI8qo"},"options":{},"collectionName":"users"} [32m1ms[39m
[2017-01-16 14:37:52.987] [INFO] cheese - Completed 302 [32m(224ms)[39m
[2017-01-16 14:37:54.026] [INFO] cheese - 

Started 2017-01-16T06:37:54.026Z GET /sign?r_url=/park/create?code=001wPAJG0tq0Vi2v6rKG0uItJG0wPAJl&state=1 171.15.132.111
[2017-01-16 14:37:54.059] [INFO] cheese - Render view sign [32m(30ms)[39m
[2017-01-16 14:37:54.060] [INFO] cheese - Completed 200 [32m(34ms)[39m
[2017-01-16 14:38:02.244] [INFO] cheese - 

Started 2017-01-16T06:38:02.244Z POST /checkCode 171.15.132.111
[2017-01-16 14:38:02.355] [INFO] cheese - Completed 200 [32m(111ms)[39m
[2017-01-16 14:38:16.915] [INFO] cheese - 

Started 2017-01-16T06:38:16.915Z POST /login 171.15.132.111
[2017-01-16 14:38:16.918] [DEBUG] cheese - [35mMONGO[39m users.[34mfindOne[39m {"conditions":{"open_id":"oJme-szsGYjRcIMIFxvvt5XAI8qo"},"options":{},"collectionName":"users"} [32m0ms[39m
[2017-01-16 14:38:17.704] [INFO] cheese - Completed 302 [32m(789ms)[39m
[2017-01-16 14:38:19.230] [INFO] cheese - 

Started 2017-01-16T06:38:19.230Z GET /park/create?code=001wPAJG0tq0Vi2v6rKG0uItJG0wPAJl 171.15.132.111
[2017-01-16 14:38:19.234] [DEBUG] cheese - [35mMONGO[39m parkingorders.[34mfindOne[39m {"conditions":{"state":{"$in":["1","2"]},"tel":"13700882704"},"options":{},"collectionName":"parkingorders"} [32m1ms[39m
[2017-01-16 14:38:19.240] [DEBUG] cheese - [35mMONGO[39m cars.[34mfind[39m {"conditions":{"tel":"13700882704"},"options":{},"collectionName":"cars"} [32m3ms[39m
[2017-01-16 14:38:19.241] [DEBUG] cheese - [35mMONGO[39m parkings.[34mfindOne[39m {"conditions":{},"options":{},"collectionName":"parkings"} [32m4ms[39m
[2017-01-16 14:38:19.295] [INFO] cheese - Render view park/new [32m(51ms)[39m
[2017-01-16 14:38:19.296] [INFO] cheese - Completed 200 [32m(66ms)[39m
[2017-01-16 14:38:38.341] [INFO] cheese - 

Started 2017-01-16T06:38:38.341Z GET /park/create?code=001wPAJG0tq0Vi2v6rKG0uItJG0wPAJl 101.226.66.179
[2017-01-16 14:38:38.471] [INFO] cheese - Completed 302 [32m(130ms)[39m
[2017-01-16 14:38:38.613] [INFO] cheese - 

Started 2017-01-16T06:38:38.613Z GET /bzshow 101.226.66.179
[2017-01-16 14:38:38.615] [INFO] cheese - Completed 401 [32m(2ms)[39m
[2017-01-16 14:55:20.506] [INFO] cheese - repair listening on port 3000
[2017-01-16 14:55:20.509] [INFO] cheese - God bless love....
[2017-01-16 14:55:20.509] [INFO] cheese - You can debug your app with http://webot-bz.ittun.com:3000
[2017-01-16 14:55:20.510] [INFO] cheese - 
[2017-01-16 14:55:37.217] [INFO] cheese - 

Started 2017-01-16T06:55:37.216Z POST /?signature=1e1556e5088b7d2446e1dd497951b0ea4bb0f139&timestamp=1484549612&nonce=1810636067&openid=oJme-szsGYjRcIMIFxvvt5XAI8qo 140.207.54.74
[2017-01-16 14:55:37.245] [INFO] cheese - Completed 200 [32m(29ms)[39m
[2017-01-16 14:55:37.248] [DEBUG] cheese - [35mMONGO[39m users.[34mremove[39m {"conditions":{"open_id":"oJme-szsGYjRcIMIFxvvt5XAI8qo"},"options":{},"collectionName":"users"} [32m16ms[39m
[2017-01-16 14:55:37.249] [DEBUG] cheese - [35mMONGO[39m users.[34mfindOne[39m {"conditions":{"open_id":"oJme-szsGYjRcIMIFxvvt5XAI8qo"},"options":{},"collectionName":"users"} [32m8ms[39m
[2017-01-16 14:55:46.061] [INFO] cheese - 

Started 2017-01-16T06:55:46.061Z POST /?signature=afc04bad9ea8169c43ce18d4052e090cdc7a3ab2&timestamp=1484549621&nonce=1592394352&openid=oJme-szsGYjRcIMIFxvvt5XAI8qo 140.207.54.74
[2017-01-16 14:55:46.068] [INFO] cheese - Completed 200 [32m(7ms)[39m
[2017-01-16 14:55:46.069] [DEBUG] cheese - [35mMONGO[39m users.[34mfindOne[39m {"conditions":{"open_id":"oJme-szsGYjRcIMIFxvvt5XAI8qo"},"options":{},"collectionName":"users"} [32m2ms[39m
[2017-01-16 14:55:46.069] [DEBUG] cheese - [35mMONGO[39m users.[34mfindOne[39m {"conditions":{"open_id":"oJme-szsGYjRcIMIFxvvt5XAI8qo"},"options":{},"collectionName":"users"} [32m1ms[39m
[2017-01-16 14:56:11.654] [INFO] cheese - 

Started 2017-01-16T06:56:11.654Z POST /?signature=5b27acf4da4ead28225a2c646b413352457ee53d&timestamp=1484549647&nonce=1719085493&openid=oJme-szsGYjRcIMIFxvvt5XAI8qo 140.207.54.73
[2017-01-16 14:56:11.660] [INFO] cheese - Completed 200 [32m(6ms)[39m
[2017-01-16 14:56:11.661] [DEBUG] cheese - [35mMONGO[39m users.[34mfindOne[39m {"conditions":{"open_id":"oJme-szsGYjRcIMIFxvvt5XAI8qo"},"options":{},"collectionName":"users"} [32m1ms[39m
[2017-01-16 14:56:25.946] [INFO] cheese - 

Started 2017-01-16T06:56:25.946Z POST /?signature=9642014d5b6dd5503840cb076e4e41d0c8a90b8a&timestamp=1484549660&nonce=578072090&openid=oJme-szsGYjRcIMIFxvvt5XAI8qo 140.207.54.74
[2017-01-16 14:56:25.950] [INFO] cheese - Completed 200 [32m(4ms)[39m
[2017-01-16 14:56:25.950] [DEBUG] cheese - [35mMONGO[39m users.[34mfindOne[39m {"conditions":{"open_id":"oJme-szsGYjRcIMIFxvvt5XAI8qo"},"options":{},"collectionName":"users"} [32m1ms[39m
[2017-01-16 14:56:26.480] [INFO] cheese - 

Started 2017-01-16T06:56:26.480Z GET / 111.161.61.49
[2017-01-16 14:56:26.483] [INFO] cheese - 

Started 2017-01-16T06:56:26.483Z GET /park/create?code=001qpewt1DFy6a0xcewt1G39wt1qpewx&state=1 171.15.132.111
[2017-01-16 14:56:26.487] [INFO] cheese - 

Started 2017-01-16T06:56:26.487Z GET / 111.30.131.212
[2017-01-16 14:56:26.503] [INFO] cheese - Completed 401 [32m(23ms)[39m
[2017-01-16 14:56:26.506] [INFO] cheese - Completed 401 [32m(19ms)[39m
[2017-01-16 14:56:26.678] [DEBUG] cheese - [35mMONGO[39m tokens.[34mupdate[39m {"conditions":{"openid":"oJme-szsGYjRcIMIFxvvt5XAI8qo"},"doc":{"$set":{"create_at":"1484549786673","scope":"snsapi_base","openid":"oJme-szsGYjRcIMIFxvvt5XAI8qo","refresh_token":"wj55KRXQPH146l--bD7B5KjXDyW39yYjcXlnWmXrLX3AWyRtKqydKpC9kJaBWZ71V8RjNs2UzoUNMAzf7z-NJGEZqUepzTPrpcT77LLwB_k","expires_in":7200,"access_token":"FZvZzrLpJ3I05b0Z58IBu2MV6j_j_Lguu4XpJm3V2QgnRE_LdgWtCv-rm03glLUZPm-ZvyTzaeqF6Uk2wdHiT0OOygk7KIAKWp8WenY3G6I"}},"options":{"upsert":true},"collectionName":"tokens"} [32m1ms[39m
[2017-01-16 14:56:26.679] [DEBUG] cheese - [35mMONGO[39m users.[34mfindOne[39m {"conditions":{"open_id":"oJme-szsGYjRcIMIFxvvt5XAI8qo"},"options":{},"collectionName":"users"} [32m0ms[39m
[2017-01-16 14:56:26.684] [INFO] cheese - Completed 302 [32m(201ms)[39m
[2017-01-16 14:56:27.979] [INFO] cheese - 

Started 2017-01-16T06:56:27.979Z GET /sign?r_url=/park/create?code=001qpewt1DFy6a0xcewt1G39wt1qpewx&state=1 171.15.132.111
[2017-01-16 14:56:27.988] [INFO] cheese - Render view sign [32m(7ms)[39m
[2017-01-16 14:56:27.990] [INFO] cheese - Completed 200 [32m(11ms)[39m
[2017-01-16 14:56:34.646] [INFO] cheese - 

Started 2017-01-16T06:56:34.646Z GET /park/create 180.153.206.20
[2017-01-16 14:56:34.753] [INFO] cheese - Completed 302 [32m(107ms)[39m
[2017-01-16 14:56:34.886] [INFO] cheese - 

Started 2017-01-16T06:56:34.886Z GET /bzshow 180.153.206.20
[2017-01-16 14:56:34.888] [INFO] cheese - Completed 401 [32m(2ms)[39m
[2017-01-16 14:56:39.853] [INFO] cheese - 

Started 2017-01-16T06:56:39.853Z POST /checkCode 171.15.132.111
[2017-01-16 14:56:39.871] [INFO] cheese - Completed 200 [32m(18ms)[39m
[2017-01-16 14:56:50.810] [INFO] cheese - 

Started 2017-01-16T06:56:50.810Z POST /login 171.15.132.111
[2017-01-16 14:56:50.814] [DEBUG] cheese - [35mMONGO[39m users.[34mfindOne[39m {"conditions":{"open_id":"oJme-szsGYjRcIMIFxvvt5XAI8qo"},"options":{},"collectionName":"users"} [32m1ms[39m
[2017-01-16 14:56:51.301] [INFO] cheese - Completed 302 [32m(491ms)[39m
[2017-01-16 14:56:52.916] [INFO] cheese - 

Started 2017-01-16T06:56:52.916Z GET /park/create?code=001qpewt1DFy6a0xcewt1G39wt1qpewx 171.15.132.111
[2017-01-16 14:56:52.919] [DEBUG] cheese - [35mMONGO[39m parkingorders.[34mfindOne[39m {"conditions":{"state":{"$in":["1","2"]},"tel":"13700882704"},"options":{},"collectionName":"parkingorders"} [32m1ms[39m
[2017-01-16 14:56:52.923] [DEBUG] cheese - [35mMONGO[39m cars.[34mfind[39m {"conditions":{"tel":"13700882704"},"options":{},"collectionName":"cars"} [32m2ms[39m
[2017-01-16 14:56:52.925] [DEBUG] cheese - [35mMONGO[39m parkings.[34mfindOne[39m {"conditions":{},"options":{},"collectionName":"parkings"} [32m3ms[39m
[2017-01-16 14:56:52.934] [INFO] cheese - Render view park/new [32m(7ms)[39m
[2017-01-16 14:56:52.935] [INFO] cheese - Completed 200 [32m(19ms)[39m
[2017-01-16 14:57:00.672] [INFO] cheese - 

Started 2017-01-16T06:57:00.672Z GET /login 180.153.160.24
[2017-01-16 14:57:00.674] [INFO] cheese - Completed 401 [32m(2ms)[39m
[2017-01-16 14:58:39.343] [INFO] cheese - 

Started 2017-01-16T06:58:39.343Z POST /?signature=587bd2815886f008c331938cc445a0ce60ddeae4&timestamp=1484549794&nonce=159584956&openid=oJme-szsGYjRcIMIFxvvt5XAI8qo 58.247.206.147
[2017-01-16 14:58:39.349] [INFO] cheese - Completed 200 [32m(6ms)[39m
[2017-01-16 14:58:39.351] [DEBUG] cheese - [35mMONGO[39m users.[34mfindOne[39m {"conditions":{"open_id":"oJme-szsGYjRcIMIFxvvt5XAI8qo"},"options":{},"collectionName":"users"} [32m2ms[39m
[2017-01-16 14:58:39.767] [INFO] cheese - 

Started 2017-01-16T06:58:39.767Z GET /park/create?code=041d0ui42pDVZJ0xqOh42InAi42d0ui-&state=1 171.15.132.111
[2017-01-16 14:58:39.769] [DEBUG] cheese - [35mMONGO[39m parkingorders.[34mfindOne[39m {"conditions":{"state":{"$in":["1","2"]},"tel":"13700882704"},"options":{},"collectionName":"parkingorders"} [32m1ms[39m
[2017-01-16 14:58:39.771] [DEBUG] cheese - [35mMONGO[39m cars.[34mfind[39m {"conditions":{"tel":"13700882704"},"options":{},"collectionName":"cars"} [32m1ms[39m
[2017-01-16 14:58:39.772] [DEBUG] cheese - [35mMONGO[39m parkings.[34mfindOne[39m {"conditions":{},"options":{},"collectionName":"parkings"} [32m2ms[39m
[2017-01-16 14:58:39.777] [INFO] cheese - Render view park/new [32m(3ms)[39m
[2017-01-16 14:58:39.777] [INFO] cheese - Completed 200 [32m(10ms)[39m
[2017-01-16 15:04:29.104] [INFO] cheese - 

Started 2017-01-16T07:04:29.104Z GET /park/create 119.147.146.60
[2017-01-16 15:04:29.268] [INFO] cheese - Completed 302 [32m(164ms)[39m
[2017-01-16 15:04:29.544] [INFO] cheese - 

Started 2017-01-16T07:04:29.544Z GET /bzshow 119.147.146.60
[2017-01-16 15:04:29.546] [INFO] cheese - Completed 401 [32m(2ms)[39m
[2017-01-16 15:30:00.513] [DEBUG] cheese - [35mMONGO[39m parkingorders.[34mfind[39m {"conditions":{"state":"1","reserve_at":{"$gt":"2017-01-16T04:30:00.000Z","$lt":"2017-01-16T07:30:00.000Z"}},"options":{},"collectionName":"parkingorders"} [32m0ms[39m
[2017-01-16 16:30:00.512] [DEBUG] cheese - [35mMONGO[39m parkingorders.[34mfind[39m {"conditions":{"state":"1","reserve_at":{"$gt":"2017-01-16T05:30:00.000Z","$lt":"2017-01-16T08:30:00.000Z"}},"options":{},"collectionName":"parkingorders"} [32m1ms[39m
[2017-01-16 17:19:22.843] [INFO] cheese - 

Started 2017-01-16T09:19:22.843Z GET /park/create?code%3D001wPAJG0tq0Vi2v6rKG0uItJG0wPAJl 112.90.82.218
[2017-01-16 17:19:23.036] [INFO] cheese - Completed 302 [32m(193ms)[39m
[2017-01-16 17:19:23.343] [INFO] cheese - 

Started 2017-01-16T09:19:23.343Z GET /bzshow 112.90.82.218
[2017-01-16 17:19:23.344] [INFO] cheese - Completed 401 [32m(1ms)[39m
[2017-01-16 17:19:30.993] [INFO] cheese - 

Started 2017-01-16T09:19:30.993Z GET /park/create?code%3D001wPAJG0tq0Vi2v6rKG0uItJG0wPAJl 101.226.61.206
[2017-01-16 17:19:31.106] [INFO] cheese - Completed 302 [32m(113ms)[39m
[2017-01-16 17:19:31.270] [INFO] cheese - 

Started 2017-01-16T09:19:31.270Z GET /bzshow 101.226.61.206
[2017-01-16 17:19:31.271] [INFO] cheese - Completed 401 [32m(1ms)[39m
[2017-01-16 17:19:39.818] [INFO] cheese - 

Started 2017-01-16T09:19:39.818Z GET /bzshow 180.163.2.119
[2017-01-16 17:19:39.820] [INFO] cheese - Completed 401 [32m(2ms)[39m
[2017-01-16 17:30:00.507] [DEBUG] cheese - [35mMONGO[39m parkingorders.[34mfind[39m {"conditions":{"state":"1","reserve_at":{"$gt":"2017-01-16T06:30:00.000Z","$lt":"2017-01-16T09:30:00.000Z"}},"options":{},"collectionName":"parkingorders"} [32m1ms[39m
[2017-01-16 18:30:00.512] [DEBUG] cheese - [35mMONGO[39m parkingorders.[34mfind[39m {"conditions":{"state":"1","reserve_at":{"$gt":"2017-01-16T07:30:00.000Z","$lt":"2017-01-16T10:30:00.000Z"}},"options":{},"collectionName":"parkingorders"} [32m0ms[39m
[2017-01-16 19:30:00.507] [DEBUG] cheese - [35mMONGO[39m parkingorders.[34mfind[39m {"conditions":{"state":"1","reserve_at":{"$gt":"2017-01-16T08:30:00.000Z","$lt":"2017-01-16T11:30:00.000Z"}},"options":{},"collectionName":"parkingorders"} [32m0ms[39m
[2017-01-16 20:30:00.517] [DEBUG] cheese - [35mMONGO[39m parkingorders.[34mfind[39m {"conditions":{"state":"1","reserve_at":{"$gt":"2017-01-16T09:30:00.000Z","$lt":"2017-01-16T12:30:00.000Z"}},"options":{},"collectionName":"parkingorders"} [32m1ms[39m
[2017-01-16 21:30:00.514] [DEBUG] cheese - [35mMONGO[39m parkingorders.[34mfind[39m {"conditions":{"state":"1","reserve_at":{"$gt":"2017-01-16T10:30:00.000Z","$lt":"2017-01-16T13:30:00.000Z"}},"options":{},"collectionName":"parkingorders"} [32m1ms[39m
[2017-01-16 22:30:00.517] [DEBUG] cheese - [35mMONGO[39m parkingorders.[34mfind[39m {"conditions":{"state":"1","reserve_at":{"$gt":"2017-01-16T11:30:00.000Z","$lt":"2017-01-16T14:30:00.000Z"}},"options":{},"collectionName":"parkingorders"} [32m2ms[39m
[2017-01-16 23:30:00.514] [DEBUG] cheese - [35mMONGO[39m parkingorders.[34mfind[39m {"conditions":{"state":"1","reserve_at":{"$gt":"2017-01-16T12:30:00.000Z","$lt":"2017-01-16T15:30:00.000Z"}},"options":{},"collectionName":"parkingorders"} [32m2ms[39m
[2017-01-17 00:30:00.511] [DEBUG] cheese - [35mMONGO[39m parkingorders.[34mfind[39m {"conditions":{"state":"1","reserve_at":{"$gt":"2017-01-16T13:30:00.000Z","$lt":"2017-01-16T16:30:00.000Z"}},"options":{},"collectionName":"parkingorders"} [32m1ms[39m
[2017-01-17 01:30:00.516] [DEBUG] cheese - [35mMONGO[39m parkingorders.[34mfind[39m {"conditions":{"state":"1","reserve_at":{"$gt":"2017-01-16T14:30:00.000Z","$lt":"2017-01-16T17:30:00.000Z"}},"options":{},"collectionName":"parkingorders"} [32m1ms[39m
[2017-01-17 02:30:00.518] [DEBUG] cheese - [35mMONGO[39m parkingorders.[34mfind[39m {"conditions":{"state":"1","reserve_at":{"$gt":"2017-01-16T15:30:00.000Z","$lt":"2017-01-16T18:30:00.000Z"}},"options":{},"collectionName":"parkingorders"} [32m1ms[39m
[2017-01-17 03:30:00.516] [DEBUG] cheese - [35mMONGO[39m parkingorders.[34mfind[39m {"conditions":{"state":"1","reserve_at":{"$gt":"2017-01-16T16:30:00.000Z","$lt":"2017-01-16T19:30:00.000Z"}},"options":{},"collectionName":"parkingorders"} [32m1ms[39m
[2017-01-17 04:30:00.512] [DEBUG] cheese - [35mMONGO[39m parkingorders.[34mfind[39m {"conditions":{"state":"1","reserve_at":{"$gt":"2017-01-16T17:30:00.000Z","$lt":"2017-01-16T20:30:00.000Z"}},"options":{},"collectionName":"parkingorders"} [32m1ms[39m
[2017-01-17 05:30:00.566] [DEBUG] cheese - [35mMONGO[39m parkingorders.[34mfind[39m {"conditions":{"state":"1","reserve_at":{"$gt":"2017-01-16T18:30:00.000Z","$lt":"2017-01-16T21:30:00.000Z"}},"options":{},"collectionName":"parkingorders"} [32m49ms[39m
[2017-01-17 06:30:00.508] [DEBUG] cheese - [35mMONGO[39m parkingorders.[34mfind[39m {"conditions":{"state":"1","reserve_at":{"$gt":"2017-01-16T19:30:00.000Z","$lt":"2017-01-16T22:30:00.000Z"}},"options":{},"collectionName":"parkingorders"} [32m1ms[39m
[2017-01-17 07:30:00.516] [DEBUG] cheese - [35mMONGO[39m parkingorders.[34mfind[39m {"conditions":{"state":"1","reserve_at":{"$gt":"2017-01-16T20:30:00.000Z","$lt":"2017-01-16T23:30:00.000Z"}},"options":{},"collectionName":"parkingorders"} [32m1ms[39m
[2017-01-17 08:30:00.518] [DEBUG] cheese - [35mMONGO[39m parkingorders.[34mfind[39m {"conditions":{"state":"1","reserve_at":{"$gt":"2017-01-16T21:30:00.000Z","$lt":"2017-01-17T00:30:00.000Z"}},"options":{},"collectionName":"parkingorders"} [32m2ms[39m
[2017-01-17 09:30:00.510] [DEBUG] cheese - [35mMONGO[39m parkingorders.[34mfind[39m {"conditions":{"state":"1","reserve_at":{"$gt":"2017-01-16T22:30:00.000Z","$lt":"2017-01-17T01:30:00.000Z"}},"options":{},"collectionName":"parkingorders"} [32m0ms[39m
[2017-01-17 10:30:00.516] [DEBUG] cheese - [35mMONGO[39m parkingorders.[34mfind[39m {"conditions":{"state":"1","reserve_at":{"$gt":"2017-01-16T23:30:00.000Z","$lt":"2017-01-17T02:30:00.000Z"}},"options":{},"collectionName":"parkingorders"} [32m1ms[39m
[2017-01-17 11:30:00.507] [DEBUG] cheese - [35mMONGO[39m parkingorders.[34mfind[39m {"conditions":{"state":"1","reserve_at":{"$gt":"2017-01-17T00:30:00.000Z","$lt":"2017-01-17T03:30:00.000Z"}},"options":{},"collectionName":"parkingorders"} [32m1ms[39m
[2017-01-17 12:30:00.512] [DEBUG] cheese - [35mMONGO[39m parkingorders.[34mfind[39m {"conditions":{"state":"1","reserve_at":{"$gt":"2017-01-17T01:30:00.000Z","$lt":"2017-01-17T04:30:00.000Z"}},"options":{},"collectionName":"parkingorders"} [32m1ms[39m
[2017-01-17 13:30:00.511] [DEBUG] cheese - [35mMONGO[39m parkingorders.[34mfind[39m {"conditions":{"state":"1","reserve_at":{"$gt":"2017-01-17T02:30:00.000Z","$lt":"2017-01-17T05:30:00.000Z"}},"options":{},"collectionName":"parkingorders"} [32m2ms[39m
[2017-01-17 14:30:00.514] [DEBUG] cheese - [35mMONGO[39m parkingorders.[34mfind[39m {"conditions":{"state":"1","reserve_at":{"$gt":"2017-01-17T03:30:00.000Z","$lt":"2017-01-17T06:30:00.000Z"}},"options":{},"collectionName":"parkingorders"} [32m4ms[39m
[2017-01-17 14:49:33.864] [INFO] cheese - repair listening on port 3000
[2017-01-17 14:49:33.866] [INFO] cheese - God bless love....
[2017-01-17 14:49:33.867] [INFO] cheese - You can debug your app with http://webot-bz.ittun.com:3000
[2017-01-17 14:49:33.867] [INFO] cheese - 
[2017-01-17 14:49:51.431] [INFO] cheese - 

Started 2017-01-17T06:49:51.430Z POST /?signature=18f8c9b2bbcf80a645bdd27cfa5748ab9ee7616f&timestamp=1484635662&nonce=134890838&openid=oJme-szsGYjRcIMIFxvvt5XAI8qo 58.247.206.153
[2017-01-17 14:49:51.493] [INFO] cheese - Completed 200 [32m(63ms)[39m
[2017-01-17 14:49:51.496] [DEBUG] cheese - [35mMONGO[39m users.[34mfindOne[39m {"conditions":{"open_id":"oJme-szsGYjRcIMIFxvvt5XAI8qo"},"options":{},"collectionName":"users"} [32m8ms[39m
[2017-01-17 14:49:51.856] [INFO] cheese - 

Started 2017-01-17T06:49:51.856Z GET /mycar/list?code=001SeXAe2rPj5D0SqJAe27f4Be2SeXAv&state=1 171.15.132.111
[2017-01-17 14:49:52.093] [DEBUG] cheese - [35mMONGO[39m tokens.[34mupdate[39m {"conditions":{"openid":"oJme-szsGYjRcIMIFxvvt5XAI8qo"},"doc":{"$set":{"create_at":"1484635792088","scope":"snsapi_base","openid":"oJme-szsGYjRcIMIFxvvt5XAI8qo","refresh_token":"XLGlFQEsZu_4QOvK2oZnKYCDyjJD0PwKU0tZ-Mcku30mID3MQsGOGLErbvz81WFR8BN0N6SSYxC5C_akCodUaoNnQS0knLtoTO0BSRhQExE","expires_in":7200,"access_token":"UFEtlberxpgsw8qIUCcK7WkRyPwhzstDHiL_7i8i6uQ_IUGFoah50gERBy4k54yIK1qp_zFKvR0jlFw4zoadDtbwfO8KJfd5F8CRT--oMIA"}},"options":{"upsert":true},"collectionName":"tokens"} [32m2ms[39m
[2017-01-17 14:49:52.096] [DEBUG] cheese - [35mMONGO[39m users.[34mfindOne[39m {"conditions":{"open_id":"oJme-szsGYjRcIMIFxvvt5XAI8qo"},"options":{},"collectionName":"users"} [32m1ms[39m
[2017-01-17 14:49:52.100] [INFO] cheese - Completed 302 [32m(244ms)[39m
[2017-01-17 14:49:52.943] [INFO] cheese - 

Started 2017-01-17T06:49:52.943Z GET /sign?r_url=/mycar/list?code=001SeXAe2rPj5D0SqJAe27f4Be2SeXAv&state=1 171.15.132.111
[2017-01-17 14:49:53.051] [INFO] cheese - Render view sign [32m(104ms)[39m
[2017-01-17 14:49:53.053] [INFO] cheese - 

Started 2017-01-17T06:49:53.053Z GET / 111.161.52.27
[2017-01-17 14:49:53.054] [INFO] cheese - Completed 200 [32m(111ms)[39m
[2017-01-17 14:49:53.055] [INFO] cheese - Completed 401 [32m(2ms)[39m
[2017-01-17 14:49:53.387] [INFO] cheese - 

Started 2017-01-17T06:49:53.387Z GET / 111.30.131.144
[2017-01-17 14:49:53.389] [INFO] cheese - Completed 401 [32m(2ms)[39m
[2017-01-17 14:50:01.151] [INFO] cheese - 

Started 2017-01-17T06:50:01.151Z GET /mycar/list 101.226.125.105
[2017-01-17 14:50:01.260] [INFO] cheese - Completed 302 [32m(108ms)[39m
[2017-01-17 14:50:01.402] [INFO] cheese - 

Started 2017-01-17T06:50:01.402Z GET /bzshow 101.226.125.105
[2017-01-17 14:50:01.404] [INFO] cheese - Completed 401 [32m(2ms)[39m
[2017-01-17 14:50:14.432] [INFO] cheese - 

Started 2017-01-17T06:50:14.432Z POST /?signature=4e89902cc82779cd13ded9daab31d770776c1ee2&timestamp=1484635686&nonce=1286273241&openid=oJme-szsGYjRcIMIFxvvt5XAI8qo 58.247.206.147
[2017-01-17 14:50:14.439] [INFO] cheese - Completed 200 [32m(7ms)[39m
[2017-01-17 14:50:14.439] [DEBUG] cheese - [35mMONGO[39m users.[34mfindOne[39m {"conditions":{"open_id":"oJme-szsGYjRcIMIFxvvt5XAI8qo"},"options":{},"collectionName":"users"} [32m1ms[39m
[2017-01-17 14:50:14.905] [INFO] cheese - 

Started 2017-01-17T06:50:14.905Z GET /mycar/bzshow 218.28.32.98
[2017-01-17 14:50:14.962] [INFO] cheese - Completed 500 [32m(57ms)[39m
[2017-01-17 14:50:24.155] [INFO] cheese - 

Started 2017-01-17T06:50:24.155Z GET /mycar/bzshow 101.226.102.97
[2017-01-17 14:50:24.161] [INFO] cheese - Completed 500 [32m(6ms)[39m
[2017-01-17 14:50:46.876] [INFO] cheese - repair listening on port 3000
[2017-01-17 14:50:46.879] [INFO] cheese - God bless love....
[2017-01-17 14:50:46.879] [INFO] cheese - You can debug your app with http://webot-bz.ittun.com:3000
[2017-01-17 14:50:46.879] [INFO] cheese - 
[2017-01-17 14:50:59.454] [INFO] cheese - 

Started 2017-01-17T06:50:59.453Z POST /?signature=369d02bc4b4cdfa0ac49de19eaa18db4d463537f&timestamp=1484635731&nonce=1716235180&openid=oJme-szsGYjRcIMIFxvvt5XAI8qo 58.247.206.146
[2017-01-17 14:50:59.481] [INFO] cheese - Completed 200 [32m(28ms)[39m
[2017-01-17 14:50:59.483] [DEBUG] cheese - [35mMONGO[39m users.[34mfindOne[39m {"conditions":{"open_id":"oJme-szsGYjRcIMIFxvvt5XAI8qo"},"options":{},"collectionName":"users"} [32m7ms[39m
[2017-01-17 14:50:59.615] [INFO] cheese - 

Started 2017-01-17T06:50:59.614Z GET /park/create?code=0318Cz3D1vwJG109WB4D1YAz3D18Cz3R&state=1 218.28.32.98
[2017-01-17 14:50:59.790] [DEBUG] cheese - [35mMONGO[39m tokens.[34mupdate[39m {"conditions":{"openid":"oJme-szsGYjRcIMIFxvvt5XAI8qo"},"doc":{"$set":{"create_at":"1484635859784","scope":"snsapi_base","openid":"oJme-szsGYjRcIMIFxvvt5XAI8qo","refresh_token":"12ioHI3kY0iMBf-btIKH8Jr7-anyXVdRkC_P3ngWqnefMhXqPKHq45VpEvWD0qxnx9ZjVn7LVN0aYY8u3caA6HUiurBThLonlzNpdrEc5YQ","expires_in":7200,"access_token":"1J_Pv-lph9pbqcdB1xamoZQsGGyci8XToHLuehS5U8A3J4GI01SMEms01GRIxxPHCjCxcD2ELXC6AHmxvQaI3KPMt-9xesoomNpLP56BX3Y"}},"options":{"upsert":true},"collectionName":"tokens"} [32m2ms[39m
[2017-01-17 14:50:59.792] [DEBUG] cheese - [35mMONGO[39m users.[34mfindOne[39m {"conditions":{"open_id":"oJme-szsGYjRcIMIFxvvt5XAI8qo"},"options":{},"collectionName":"users"} [32m1ms[39m
[2017-01-17 14:50:59.797] [INFO] cheese - Completed 302 [32m(183ms)[39m
[2017-01-17 14:51:01.109] [INFO] cheese - 

Started 2017-01-17T06:51:01.109Z GET /sign?r_url=/park/create?code=0318Cz3D1vwJG109WB4D1YAz3D18Cz3R&state=1 218.28.32.98
[2017-01-17 14:51:01.125] [INFO] cheese - Render view sign [32m(13ms)[39m
[2017-01-17 14:51:01.127] [INFO] cheese - Completed 200 [32m(18ms)[39m
[2017-01-17 14:51:04.504] [INFO] cheese - 

Started 2017-01-17T06:51:04.504Z POST /?signature=7943791da7990604b7099b2605c2bccae2045305&timestamp=1484635736&nonce=1868450366&openid=oJme-szsGYjRcIMIFxvvt5XAI8qo 58.247.206.152
[2017-01-17 14:51:04.511] [INFO] cheese - Completed 200 [32m(7ms)[39m
[2017-01-17 14:51:04.511] [DEBUG] cheese - [35mMONGO[39m users.[34mfindOne[39m {"conditions":{"open_id":"oJme-szsGYjRcIMIFxvvt5XAI8qo"},"options":{},"collectionName":"users"} [32m1ms[39m
[2017-01-17 14:51:04.588] [INFO] cheese - 

Started 2017-01-17T06:51:04.588Z GET /mycar/bzshow 218.28.32.98
[2017-01-17 14:51:04.590] [INFO] cheese - Completed 200 [32m(2ms)[39m
[2017-01-17 14:51:22.342] [INFO] cheese - 

Started 2017-01-17T06:51:22.341Z POST /?signature=bcb7d757d9f81bd7dc0a2129585fc996f72ca183&timestamp=1484635754&nonce=1819753997&openid=oJme-szsGYjRcIMIFxvvt5XAI8qo 58.247.206.147
[2017-01-17 14:51:22.346] [INFO] cheese - Completed 200 [32m(5ms)[39m
[2017-01-17 14:51:22.346] [DEBUG] cheese - [35mMONGO[39m users.[34mfindOne[39m {"conditions":{"open_id":"oJme-szsGYjRcIMIFxvvt5XAI8qo"},"options":{},"collectionName":"users"} [32m1ms[39m
[2017-01-17 14:51:27.517] [INFO] cheese - 

Started 2017-01-17T06:51:27.517Z POST /?signature=e3e143a71d32ba0e17eabb023984a3dbe454362d&timestamp=1484635759&nonce=125218402&openid=oJme-szsGYjRcIMIFxvvt5XAI8qo 58.247.206.157
[2017-01-17 14:51:27.523] [INFO] cheese - Completed 200 [32m(6ms)[39m
[2017-01-17 14:51:27.524] [DEBUG] cheese - [35mMONGO[39m users.[34mfindOne[39m {"conditions":{"open_id":"oJme-szsGYjRcIMIFxvvt5XAI8qo"},"options":{},"collectionName":"users"} [32m2ms[39m
[2017-01-17 14:51:27.721] [INFO] cheese - 

Started 2017-01-17T06:51:27.721Z GET /park/create?code=031jOFud24MWUB0X0Yvd2NiCud2jOFu7&state=1 218.28.32.98
[2017-01-17 14:51:27.860] [DEBUG] cheese - [35mMONGO[39m tokens.[34mupdate[39m {"conditions":{"openid":"oJme-szsGYjRcIMIFxvvt5XAI8qo"},"doc":{"$set":{"create_at":"1484635887858","scope":"snsapi_base","openid":"oJme-szsGYjRcIMIFxvvt5XAI8qo","refresh_token":"gklSkOIEyh6zGZQvCuQ4VlEJ5aVA0ZVW9Ow-wQWDUK9wrJH4EgYPqVdNOHLNQJGU4S1_d9ortc-qUy_FFMek1aNUaqvd2gt-qhGo9tukg9M","expires_in":7200,"access_token":"tlrZyT6HnTOAXc1zw-Z2HjdOpEk1S4zkSGnKNo1HxwP52JzrhmomQ0CvTdmTISSJFc6PZHyZtUgJuzRq3yVSR5uz2TdNI2AKtX9yNi6ecW0"}},"options":{"upsert":true},"collectionName":"tokens"} [32m1ms[39m
[2017-01-17 14:51:27.861] [DEBUG] cheese - [35mMONGO[39m users.[34mfindOne[39m {"conditions":{"open_id":"oJme-szsGYjRcIMIFxvvt5XAI8qo"},"options":{},"collectionName":"users"} [32m1ms[39m
[2017-01-17 14:51:27.863] [INFO] cheese - Completed 302 [32m(142ms)[39m
[2017-01-17 14:51:29.411] [INFO] cheese - 

Started 2017-01-17T06:51:29.411Z GET /sign?r_url=/park/create?code=031jOFud24MWUB0X0Yvd2NiCud2jOFu7&state=1 218.28.32.98
[2017-01-17 14:51:29.417] [INFO] cheese - Render view sign [32m(5ms)[39m
[2017-01-17 14:51:29.418] [INFO] cheese - Completed 200 [32m(7ms)[39m
[2017-01-17 15:30:00.885] [DEBUG] cheese - [35mMONGO[39m parkingorders.[34mfind[39m {"conditions":{"state":"1","reserve_at":{"$gt":"2017-01-17T04:30:00.000Z","$lt":"2017-01-17T07:30:00.000Z"}},"options":{},"collectionName":"parkingorders"} [32m1ms[39m
[2017-01-17 16:30:00.881] [DEBUG] cheese - [35mMONGO[39m parkingorders.[34mfind[39m {"conditions":{"state":"1","reserve_at":{"$gt":"2017-01-17T05:30:00.000Z","$lt":"2017-01-17T08:30:00.000Z"}},"options":{},"collectionName":"parkingorders"} [32m1ms[39m
[2017-01-17 16:32:18.980] [INFO] cheese - 

Started 2017-01-17T08:32:18.980Z GET /sign?openid=o8fcDwaC7cu2ybYFIGFdW5EO-P-I 218.29.78.42
[2017-01-17 16:32:18.983] [INFO] cheese - Render view sign [32m(2ms)[39m
[2017-01-17 16:32:18.984] [INFO] cheese - Completed 200 [32m(4ms)[39m
[2017-01-17 16:32:19.484] [INFO] cheese - 

Started 2017-01-17T08:32:19.484Z GET /sign?openid=o8fcDwY3DRdljjtbZ1lGTw36ld4I 61.158.152.133
[2017-01-17 16:32:19.486] [INFO] cheese - Render view sign [32m(2ms)[39m
[2017-01-17 16:32:19.487] [INFO] cheese - Completed 200 [32m(3ms)[39m
[2017-01-17 16:32:28.424] [INFO] cheese - 

Started 2017-01-17T08:32:28.424Z GET /sign?openid=o8fcDwY3DRdljjtbZ1lGTw36ld4I 101.226.125.16
[2017-01-17 16:32:28.427] [INFO] cheese - Render view sign [32m(2ms)[39m
[2017-01-17 16:32:28.428] [INFO] cheese - Completed 200 [32m(4ms)[39m
[2017-01-17 16:32:28.443] [INFO] cheese - 

Started 2017-01-17T08:32:28.443Z GET /sign?openid=o8fcDwaC7cu2ybYFIGFdW5EO-P-I 180.153.163.190
[2017-01-17 16:32:28.446] [INFO] cheese - Render view sign [32m(2ms)[39m
[2017-01-17 16:32:28.446] [INFO] cheese - Completed 200 [32m(3ms)[39m
[2017-01-17 16:32:29.930] [INFO] cheese - 

Started 2017-01-17T08:32:29.930Z POST /checkCode 61.158.152.133
[2017-01-17 16:32:30.023] [INFO] cheese - Completed 200 [32m(93ms)[39m
[2017-01-17 16:32:31.853] [INFO] cheese - 

Started 2017-01-17T08:32:31.853Z POST /checkCode 218.29.78.42
[2017-01-17 16:32:31.856] [INFO] cheese - Completed 200 [32m(3ms)[39m
[2017-01-17 16:32:34.700] [INFO] cheese - 

Started 2017-01-17T08:32:34.700Z GET / 123.151.42.46
[2017-01-17 16:32:34.702] [INFO] cheese - Completed 401 [32m(2ms)[39m
[2017-01-17 16:32:34.705] [INFO] cheese - 

Started 2017-01-17T08:32:34.705Z GET /sign?openid=o8fcDwd1luVnwu7bgAe0Io-kOuZE 61.158.147.37
[2017-01-17 16:32:34.707] [INFO] cheese - Render view sign [32m(2ms)[39m
[2017-01-17 16:32:34.708] [INFO] cheese - Completed 200 [32m(3ms)[39m
[2017-01-17 16:32:34.737] [INFO] cheese - 

Started 2017-01-17T08:32:34.737Z GET / 111.30.132.208
[2017-01-17 16:32:34.738] [INFO] cheese - Completed 401 [32m(1ms)[39m
[2017-01-17 16:32:40.313] [INFO] cheese - 

Started 2017-01-17T08:32:40.313Z POST /login 61.158.152.133
[2017-01-17 16:32:40.316] [DEBUG] cheese - [35mMONGO[39m users.[34mfindOne[39m {"conditions":{"open_id":"o8fcDwY3DRdljjtbZ1lGTw36ld4I"},"options":{},"collectionName":"users"} [32m1ms[39m
